[    0.000000] Linux version 4.15.0-159-generic (buildd@lgw01-amd64-055) (gcc version 7.5.0 (Ubuntu 7.5.0-3ubuntu1~18.04)) #167-Ubuntu SMP Tue Sep 21 08:55:05 UTC 2021 (Ubuntu 4.15.0-159.167-generic 4.15.18)
[    0.000000] Command line: BOOT_IMAGE=/boot/vmlinuz-4.15.0-159-generic root=LABEL=cloudimg-rootfs ro console=tty1 console=ttyS0
[    0.000000] KERNEL supported cpus:
[    0.000000]   Intel GenuineIntel
[    0.000000]   AMD AuthenticAMD
[    0.000000]   Centaur CentaurHauls
[    0.000000] x86/fpu: Supporting XSAVE feature 0x001: 'x87 floating point registers'
[    0.000000] x86/fpu: Supporting XSAVE feature 0x002: 'SSE registers'
[    0.000000] x86/fpu: Supporting XSAVE feature 0x004: 'AVX registers'
[    0.000000] x86/fpu: xstate_offset[2]:  576, xstate_sizes[2]:  256
[    0.000000] x86/fpu: Enabled xstate features 0x7, context size is 832 bytes, using 'standard' format.
[    0.000000] e820: BIOS-provided physical RAM map:
[    0.000000] BIOS-e820: [mem 0x0000000000000000-0x000000000009fbff] usable
[    0.000000] BIOS-e820: [mem 0x000000000009fc00-0x000000000009ffff] reserved
[    0.000000] BIOS-e820: [mem 0x00000000000f0000-0x00000000000fffff] reserved
[    0.000000] BIOS-e820: [mem 0x0000000000100000-0x000000003ffeffff] usable
[    0.000000] BIOS-e820: [mem 0x000000003fff0000-0x000000003fffffff] ACPI data
[    0.000000] BIOS-e820: [mem 0x00000000fec00000-0x00000000fec00fff] reserved
[    0.000000] BIOS-e820: [mem 0x00000000fee00000-0x00000000fee00fff] reserved
[    0.000000] BIOS-e820: [mem 0x00000000fffc0000-0x00000000ffffffff] reserved
[    0.000000] NX (Execute Disable) protection: active
[    0.000000] SMBIOS 2.5 present.
[    0.000000] DMI: innotek GmbH VirtualBox/VirtualBox, BIOS VirtualBox 12/01/2006
[    0.000000] Hypervisor detected: KVM
[    0.000000] e820: last_pfn = 0x3fff0 max_arch_pfn = 0x400000000
[    0.000000] MTRR: Disabled
[    0.000000] x86/PAT: MTRRs disabled, skipping PAT initialization too.
[    0.000000] CPU MTRRs all blank - virtualized system.
[    0.000000] x86/PAT: Configuration [0-7]: WB  WT  UC- UC  WB  WT  UC- UC  
[    0.000000] found SMP MP-table at [mem 0x0009fff0-0x0009ffff]
[    0.000000] Scanning 1 areas for low memory corruption
[    0.000000] RAMDISK: [mem 0x359cb000-0x36cdcfff]
[    0.000000] ACPI: Early table checksum verification disabled
[    0.000000] ACPI: RSDP 0x00000000000E0000 000024 (v02 VBOX  )
[    0.000000] ACPI: XSDT 0x000000003FFF0030 00003C (v01 VBOX   VBOXXSDT 00000001 ASL  00000061)
[    0.000000] ACPI: FACP 0x000000003FFF00F0 0000F4 (v04 VBOX   VBOXFACP 00000001 ASL  00000061)
[    0.000000] ACPI: DSDT 0x000000003FFF0470 002325 (v02 VBOX   VBOXBIOS 00000002 INTL 20100528)
[    0.000000] ACPI: FACS 0x000000003FFF0200 000040
[    0.000000] ACPI: FACS 0x000000003FFF0200 000040
[    0.000000] ACPI: APIC 0x000000003FFF0240 00005C (v02 VBOX   VBOXAPIC 00000001 ASL  00000061)
[    0.000000] ACPI: SSDT 0x000000003FFF02A0 0001CC (v01 VBOX   VBOXCPUT 00000002 INTL 20100528)
[    0.000000] ACPI: Reserving FACP table memory at [mem 0x3fff00f0-0x3fff01e3]
[    0.000000] ACPI: Reserving DSDT table memory at [mem 0x3fff0470-0x3fff2794]
[    0.000000] ACPI: Reserving FACS table memory at [mem 0x3fff0200-0x3fff023f]
[    0.000000] ACPI: Reserving FACS table memory at [mem 0x3fff0200-0x3fff023f]
[    0.000000] ACPI: Reserving APIC table memory at [mem 0x3fff0240-0x3fff029b]
[    0.000000] ACPI: Reserving SSDT table memory at [mem 0x3fff02a0-0x3fff046b]
[    0.000000] No NUMA configuration found
[    0.000000] Faking a node at [mem 0x0000000000000000-0x000000003ffeffff]
[    0.000000] NODE_DATA(0) allocated [mem 0x3ffc5000-0x3ffeffff]
[    0.000000] kvm-clock: cpu 0, msr 0:3ff44001, primary cpu clock
[    0.000000] kvm-clock: Using msrs 4b564d01 and 4b564d00
[    0.000000] kvm-clock: using sched offset of 4340059488 cycles
[    0.000000] clocksource: kvm-clock: mask: 0xffffffffffffffff max_cycles: 0x1cd42e4dffb, max_idle_ns: 881590591483 ns
[    0.000000] Zone ranges:
[    0.000000]   DMA      [mem 0x0000000000001000-0x0000000000ffffff]
[    0.000000]   DMA32    [mem 0x0000000001000000-0x000000003ffeffff]
[    0.000000]   Normal   empty
[    0.000000]   Device   empty
[    0.000000] Movable zone start for each node
[    0.000000] Early memory node ranges
[    0.000000]   node   0: [mem 0x0000000000001000-0x000000000009efff]
[    0.000000]   node   0: [mem 0x0000000000100000-0x000000003ffeffff]
[    0.000000] Reserved but unavailable: 104 pages
[    0.000000] Initmem setup node 0 [mem 0x0000000000001000-0x000000003ffeffff]
[    0.000000] ACPI: PM-Timer IO Port: 0x4008
[    0.000000] IOAPIC[0]: apic_id 2, version 32, address 0xfec00000, GSI 0-23
[    0.000000] ACPI: INT_SRC_OVR (bus 0 bus_irq 0 global_irq 2 dfl dfl)
[    0.000000] ACPI: INT_SRC_OVR (bus 0 bus_irq 9 global_irq 9 low level)
[    0.000000] Using ACPI (MADT) for SMP configuration information
[    0.000000] smpboot: Allowing 2 CPUs, 0 hotplug CPUs
[    0.000000] PM: Registered nosave memory: [mem 0x00000000-0x00000fff]
[    0.000000] PM: Registered nosave memory: [mem 0x0009f000-0x0009ffff]
[    0.000000] PM: Registered nosave memory: [mem 0x000a0000-0x000effff]
[    0.000000] PM: Registered nosave memory: [mem 0x000f0000-0x000fffff]
[    0.000000] e820: [mem 0x40000000-0xfebfffff] available for PCI devices
[    0.000000] Booting paravirtualized kernel on KVM
[    0.000000] clocksource: refined-jiffies: mask: 0xffffffff max_cycles: 0xffffffff, max_idle_ns: 7645519600211568 ns
[    0.000000] random: get_random_bytes called from start_kernel+0x99/0x500 with crng_init=0
[    0.000000] setup_percpu: NR_CPUS:8192 nr_cpumask_bits:2 nr_cpu_ids:2 nr_node_ids:1
[    0.000000] percpu: Embedded 45 pages/cpu s147456 r8192 d28672 u1048576
[    0.000000] PV qspinlock hash table entries: 256 (order: 0, 4096 bytes)
[    0.000000] Built 1 zonelists, mobility grouping on.  Total pages: 257913
[    0.000000] Policy zone: DMA32
[    0.000000] Kernel command line: BOOT_IMAGE=/boot/vmlinuz-4.15.0-159-generic root=LABEL=cloudimg-rootfs ro console=tty1 console=ttyS0
[    0.000000] Memory: 982708K/1048120K available (12300K kernel code, 2483K rwdata, 4320K rodata, 2448K init, 2724K bss, 65412K reserved, 0K cma-reserved)
[    0.000000] SLUB: HWalign=64, Order=0-3, MinObjects=0, CPUs=2, Nodes=1
[    0.000000] ftrace: allocating 39471 entries in 155 pages
[    0.004000] Hierarchical RCU implementation.
[    0.004000] 	RCU restricting CPUs from NR_CPUS=8192 to nr_cpu_ids=2.
[    0.004000] 	Tasks RCU enabled.
[    0.004000] RCU: Adjusting geometry for rcu_fanout_leaf=16, nr_cpu_ids=2
[    0.004000] NR_IRQS: 524544, nr_irqs: 440, preallocated irqs: 16
[    0.004000] Console: colour VGA+ 80x25
[    0.004000] console [tty1] enabled
[    0.004000] console [ttyS0] enabled
[    0.004000] ACPI: Core revision 20170831
[    0.004000] ACPI: 2 ACPI AML tables successfully acquired and loaded
[    0.004000] APIC: Switch to symmetric I/O mode setup
[    0.004000] x2apic enabled
[    0.004000] Switched APIC routing to physical x2apic.
[    0.004000] ..TIMER: vector=0x30 apic1=0 pin1=2 apic2=-1 pin2=-1
[    0.004007] tsc: Detected 2591.996 MHz processor
[    0.004732] Calibrating delay loop (skipped) preset value.. 5183.99 BogoMIPS (lpj=10367984)
[    0.005301] pid_max: default: 32768 minimum: 301
[    0.006066] Security Framework initialized
[    0.008009] Yama: becoming mindful.
[    0.008615] AppArmor: AppArmor initialized
[    0.016049] Dentry cache hash table entries: 131072 (order: 8, 1048576 bytes)
[    0.020204] Inode-cache hash table entries: 65536 (order: 7, 524288 bytes)
[    0.021341] Mount-cache hash table entries: 2048 (order: 2, 16384 bytes)
[    0.024029] Mountpoint-cache hash table entries: 2048 (order: 2, 16384 bytes)
[    0.025550] Last level iTLB entries: 4KB 64, 2MB 8, 4MB 8
[    0.026487] Last level dTLB entries: 4KB 64, 2MB 0, 4MB 0, 1GB 4
[    0.027608] Spectre V1 : Mitigation: usercopy/swapgs barriers and __user pointer sanitization
[    0.028007] Spectre V2 : Mitigation: Full generic retpoline
[    0.028898] Spectre V2 : Spectre v2 / SpectreRSB mitigation: Filling RSB on context switch
[    0.030210] Speculative Store Bypass: Vulnerable
[    0.032216] Freeing SMP alternatives memory: 36K
[    0.143380] smpboot: CPU0: Intel(R) Core(TM) i7-10750H CPU @ 2.60GHz (family: 0x6, model: 0xa5, stepping: 0x2)
[    0.144000] Performance Events: unsupported p6 CPU model 165 no PMU driver, software events only.
[    0.144000] Hierarchical SRCU implementation.
[    0.144000] NMI watchdog: Perf event create on CPU 0 failed with -2
[    0.144002] NMI watchdog: Perf NMI watchdog permanently disabled
[    0.144809] smp: Bringing up secondary CPUs ...
[    0.145467] x86: Booting SMP configuration:
[    0.146038] .... node  #0, CPUs:      #1
[    0.004000] kvm-clock: cpu 1, msr 0:3ff44041, secondary cpu clock
[    0.150653] smp: Brought up 1 node, 2 CPUs
[    0.150653] smpboot: Max logical packages: 1
[    0.150653] smpboot: Total of 2 processors activated (10367.98 BogoMIPS)
[    0.152154] devtmpfs: initialized
[    0.152492] x86/mm: Memory block size: 128MB
[    0.153169] evm: security.selinux
[    0.153649] evm: security.SMACK64
[    0.154154] evm: security.SMACK64EXEC
[    0.154719] evm: security.SMACK64TRANSMUTE
[    0.156020] evm: security.SMACK64MMAP
[    0.156669] evm: security.apparmor
[    0.157135] evm: security.ima
[    0.157556] evm: security.capability
[    0.158092] clocksource: jiffies: mask: 0xffffffff max_cycles: 0xffffffff, max_idle_ns: 7645041785100000 ns
[    0.158092] futex hash table entries: 512 (order: 3, 32768 bytes)
[    0.160043] pinctrl core: initialized pinctrl subsystem
[    0.172017] RTC time: 17:29:22, date: 10/06/21
[    0.176099] NET: Registered protocol family 16
[    0.176755] audit: initializing netlink subsys (disabled)
[    0.177610] audit: type=2000 audit(1633541368.444:1): state=initialized audit_enabled=0 res=1
[    0.177610] cpuidle: using governor ladder
[    0.177610] cpuidle: using governor menu
[    0.180044] ACPI: bus type PCI registered
[    0.180658] acpiphp: ACPI Hot Plug PCI Controller Driver version: 0.5
[    0.181700] PCI: Using configuration type 1 for base access
[    0.182459] HugeTLB registered 2.00 MiB page size, pre-allocated 0 pages
[    0.184067] ACPI: Added _OSI(Module Device)
[    0.184619] ACPI: Added _OSI(Processor Device)
[    0.185205] ACPI: Added _OSI(3.0 _SCP Extensions)
[    0.185814] ACPI: Added _OSI(Processor Aggregator Device)
[    0.186564] ACPI: Added _OSI(Linux-Dell-Video)
[    0.187146] ACPI: Added _OSI(Linux-Lenovo-NV-HDMI-Audio)
[    0.188008] ACPI: Added _OSI(Linux-HPI-Hybrid-Graphics)
[    0.188924] ACPI: Executed 1 blocks of module-level executable AML code
[    0.192741] ACPI: Interpreter enabled
[    0.193319] ACPI: (supports S0 S5)
[    0.193829] ACPI: Using IOAPIC for interrupt routing
[    0.194901] PCI: Using host bridge windows from ACPI; if necessary, use "pci=nocrs" and report a bug
[    0.196244] ACPI: Enabled 2 GPEs in block 00 to 07
[    0.201983] ACPI: PCI Root Bridge [PCI0] (domain 0000 [bus 00-ff])
[    0.202773] acpi PNP0A03:00: _OSC: OS supports [ASPM ClockPM Segments MSI]
[    0.203993] acpi PNP0A03:00: _OSC: not requesting OS control; OS requires [ExtendedConfig ASPM ClockPM MSI]
[    0.204009] acpi PNP0A03:00: fail to add MMCONFIG information, can't access extended PCI configuration space under this bridge.
[    0.205828] PCI host bridge to bus 0000:00
[    0.206364] pci_bus 0000:00: root bus resource [io  0x0000-0x0cf7 window]
[    0.208003] pci_bus 0000:00: root bus resource [io  0x0d00-0xffff window]
[    0.208935] pci_bus 0000:00: root bus resource [mem 0x000a0000-0x000bffff window]
[    0.209958] pci_bus 0000:00: root bus resource [mem 0x40000000-0xfdffffff window]
[    0.211289] pci_bus 0000:00: root bus resource [bus 00-ff]
[    0.214125] pci 0000:00:01.1: legacy IDE quirk: reg 0x10: [io  0x01f0-0x01f7]
[    0.216005] pci 0000:00:01.1: legacy IDE quirk: reg 0x14: [io  0x03f6]
[    0.216787] pci 0000:00:01.1: legacy IDE quirk: reg 0x18: [io  0x0170-0x0177]
[    0.217744] pci 0000:00:01.1: legacy IDE quirk: reg 0x1c: [io  0x0376]
[    0.231267] pci 0000:00:07.0: quirk: [io  0x4000-0x403f] claimed by PIIX4 ACPI
[    0.232012] pci 0000:00:07.0: quirk: [io  0x4100-0x410f] claimed by PIIX4 SMB
[    0.239862] ACPI: PCI Interrupt Link [LNKA] (IRQs 5 9 10 *11)
[    0.240212] ACPI: PCI Interrupt Link [LNKB] (IRQs 5 9 *10 11)
[    0.241048] ACPI: PCI Interrupt Link [LNKC] (IRQs 5 *9 10 11)
[    0.241925] ACPI: PCI Interrupt Link [LNKD] (IRQs 5 9 10 *11)
[    0.242945] SCSI subsystem initialized
[    0.244040] pci 0000:00:02.0: vgaarb: setting as boot VGA device
[    0.245010] pci 0000:00:02.0: vgaarb: VGA device added: decodes=io+mem,owns=io+mem,locks=none
[    0.246230] pci 0000:00:02.0: vgaarb: bridge control possible
[    0.247136] vgaarb: loaded
[    0.247653] ACPI: bus type USB registered
[    0.248074] usbcore: registered new interface driver usbfs
[    0.248891] usbcore: registered new interface driver hub
[    0.249692] usbcore: registered new device driver usb
[    0.250452] EDAC MC: Ver: 3.0.0
[    0.252055] PCI: Using ACPI for IRQ routing
[    0.252745] NetLabel: Initializing
[    0.253224] NetLabel:  domain hash size = 128
[    0.253765] NetLabel:  protocols = UNLABELED CIPSOv4 CALIPSO
[    0.254544] NetLabel:  unlabeled traffic allowed by default
[    0.255330] clocksource: Switched to clocksource kvm-clock
[    0.352141] VFS: Disk quotas dquot_6.6.0
[    0.352934] VFS: Dquot-cache hash table entries: 512 (order 0, 4096 bytes)
[    0.353983] AppArmor: AppArmor Filesystem Enabled
[    0.354645] pnp: PnP ACPI init
[    0.355996] pnp: PnP ACPI: found 3 devices
[    0.367343] clocksource: acpi_pm: mask: 0xffffff max_cycles: 0xffffff, max_idle_ns: 2085701024 ns
[    0.368718] NET: Registered protocol family 2
[    0.369318] IP idents hash table entries: 16384 (order: 5, 131072 bytes)
[    0.395196] TCP established hash table entries: 8192 (order: 4, 65536 bytes)
[    0.396243] TCP bind hash table entries: 8192 (order: 5, 131072 bytes)
[    0.397112] TCP: Hash tables configured (established 8192 bind 8192)
[    0.397979] UDP hash table entries: 512 (order: 2, 16384 bytes)
[    0.398731] UDP-Lite hash table entries: 512 (order: 2, 16384 bytes)
[    0.399553] NET: Registered protocol family 1
[    0.400231] pci 0000:00:00.0: Limiting direct PCI/PCI transfers
[    0.400995] pci 0000:00:01.0: Activating ISA DMA hang workarounds
[    0.401845] pci 0000:00:02.0: Video device with shadowed ROM at [mem 0x000c0000-0x000dffff]
[    0.403026] Unpacking initramfs...
[    1.444224] Freeing initrd memory: 19528K
[    1.445310] clocksource: tsc: mask: 0xffffffffffffffff max_cycles: 0x255cb30caa3, max_idle_ns: 440795217292 ns
[    1.447977] platform rtc_cmos: registered platform RTC device (no PNP device found)
[    1.449284] Scanning for low memory corruption every 60 seconds
[    1.450527] Initialise system trusted keyrings
[    1.451123] Key type blacklist registered
[    1.451689] workingset: timestamp_bits=36 max_order=18 bucket_order=0
[    1.453219] zbud: loaded
[    1.453920] squashfs: version 4.0 (2009/01/31) Phillip Lougher
[    1.454917] fuse init (API version 7.26)
[    1.457286] Key type asymmetric registered
[    1.457972] Asymmetric key parser 'x509' registered
[    1.458665] Block layer SCSI generic (bsg) driver version 0.4 loaded (major 246)
[    1.459975] io scheduler noop registered
[    1.460676] io scheduler deadline registered
[    1.461314] io scheduler cfq registered (default)
[    1.462421] ACPI: AC Adapter [AC] (on-line)
[    1.463178] input: Power Button as /devices/LNXSYSTM:00/LNXPWRBN:00/input/input0
[    1.464372] ACPI: Power Button [PWRF]
[    1.465038] input: Sleep Button as /devices/LNXSYSTM:00/LNXSLPBN:00/input/input1
[    1.466635] ACPI: Sleep Button [SLPF]
[    1.467541] Serial: 8250/16550 driver, 32 ports, IRQ sharing enabled
[    1.468083] ACPI: Battery Slot [BAT0] (battery present)
[    1.489424] 00:02: ttyS0 at I/O 0x3f8 (irq = 4, base_baud = 115200) is a 16550A
[    1.491401] Linux agpgart interface v0.103
[    1.493102] loop: module loaded
[    1.494297] scsi host0: ata_piix
[    1.495087] scsi host1: ata_piix
[    1.495724] ata1: PATA max UDMA/33 cmd 0x1f0 ctl 0x3f6 bmdma 0xd000 irq 14
[    1.497082] ata2: PATA max UDMA/33 cmd 0x170 ctl 0x376 bmdma 0xd008 irq 15
[    1.498133] libphy: Fixed MDIO Bus: probed
[    1.498742] tun: Universal TUN/TAP device driver, 1.6
[    1.499466] PPP generic driver version 2.4.2
[    1.500223] ehci_hcd: USB 2.0 'Enhanced' Host Controller (EHCI) Driver
[    1.501063] ehci-pci: EHCI PCI platform driver
[    1.501661] ehci-platform: EHCI generic platform driver
[    1.502334] ohci_hcd: USB 1.1 'Open' Host Controller (OHCI) Driver
[    1.503331] ohci-pci: OHCI PCI platform driver
[    1.504127] ohci-platform: OHCI generic platform driver
[    1.505166] uhci_hcd: USB Universal Host Controller Interface driver
[    1.506361] i8042: PNP: PS/2 Controller [PNP0303:PS2K,PNP0f03:PS2M] at 0x60,0x64 irq 1,12
[    1.508267] serio: i8042 KBD port at 0x60,0x64 irq 1
[    1.509203] serio: i8042 AUX port at 0x60,0x64 irq 12
[    1.510125] mousedev: PS/2 mouse device common for all mice
[    1.511641] input: AT Translated Set 2 keyboard as /devices/platform/i8042/serio0/input/input2
[    1.513406] rtc_cmos rtc_cmos: rtc core: registered rtc_cmos as rtc0
[    1.514513] rtc_cmos rtc_cmos: alarms up to one day, 114 bytes nvram
[    1.515562] i2c /dev entries driver
[    1.516252] device-mapper: uevent: version 1.0.3
[    1.517100] device-mapper: ioctl: 4.37.0-ioctl (2017-09-20) initialised: dm-devel@redhat.com
[    1.518574] ledtrig-cpu: registered to indicate activity on CPUs
[    1.520276] NET: Registered protocol family 10
[    1.523936] Segment Routing with IPv6
[    1.524553] NET: Registered protocol family 17
[    1.525302] Key type dns_resolver registered
[    1.526316] mce: Using 0 MCE banks
[    1.526846] RAS: Correctable Errors collector initialized.
[    1.527572] sched_clock: Marking stable (1526296243, 0)->(1842536894, -316240651)
[    1.529171] registered taskstats version 1
[    1.529706] Loading compiled-in X.509 certificates
[    1.532294] Loaded X.509 cert 'Build time autogenerated kernel key: bf5768e0b2369bd53acb56866ca104cf5a2c379b'
[    1.534579] Loaded X.509 cert 'Canonical Ltd. Live Patch Signing: 14df34d1a87cf37625abec039ef2bf521249b969'
[    1.536308] Loaded X.509 cert 'Canonical Ltd. Kernel Module Signing: 88f752e560a1e0737e31163a466ad7b70a850c19'
[    1.537725] zswap: loaded using pool lzo/zbud
[    1.540742] Key type big_key registered
[    1.541457] Key type trusted registered
[    1.543442] Key type encrypted registered
[    1.544112] AppArmor: AppArmor sha1 policy hashing enabled
[    1.544868] ima: No TPM chip found, activating TPM-bypass! (rc=-19)
[    1.545742] ima: Allocated hash algorithm: sha1
[    1.546382] evm: HMAC attrs: 0x1
[    1.547087]   Magic number: 9:205:491
[    1.547716] rtc_cmos rtc_cmos: setting system clock to 2021-10-06 17:29:24 UTC (1633541364)
[    1.549064] BIOS EDD facility v0.16 2004-Jun-25, 0 devices found
[    1.550047] EDD information not available.
[    1.683258] Freeing unused kernel image memory: 2448K
[    1.696886] Write protecting the kernel read-only data: 20480k
[    1.698464] Freeing unused kernel image memory: 2008K
[    1.699511] Freeing unused kernel image memory: 1824K
[    1.710646] x86/mm: Checked W+X mappings: passed, no W+X pages found.
Loading, please wait...
starting version 237
[    1.787196] e1000: Intel(R) PRO/1000 Network Driver - version 7.3.21-k8-NAPI
[    1.788446] e1000: Copyright (c) 1999-2006 Intel Corporation.
[    1.793925] Fusion MPT base driver 3.04.20
[    1.794656] Copyright (c) 1999-2008 LSI Corporation
[    1.802092] Fusion MPT SPI Host driver 3.04.20
[    1.806208] AVX2 version of gcm_enc/dec engaged.
[    1.807029] AES CTR mode by8 optimization enabled
[    2.015685] input: ImExPS/2 Generic Explorer Mouse as /devices/platform/i8042/serio1/input/input4
[    2.336488] e1000 0000:00:03.0 eth0: (PCI:33MHz:32-bit) 02:2f:77:f1:0c:e0
[    2.337617] e1000 0000:00:03.0 eth0: Intel(R) PRO/1000 Network Connection
[    2.339736] mptbase: ioc0: Initiating bringup
[    2.620869] ioc0: LSI53C1030 A0: Capabilities={Initiator}
[    4.711211] scsi host2: ioc0: LSI53C1030 A0, FwRev=00000000h, Ports=1, MaxQ=256, IRQ=20
[    5.004669] scsi 2:0:0:0: Direct-Access     VBOX     HARDDISK         1.0  PQ: 0 ANSI: 5
[    5.036168] scsi target2:0:0: Beginning Domain Validation
[    5.037975] scsi target2:0:0: Domain Validation skipping write tests
[    5.038803] scsi target2:0:0: Ending Domain Validation
[    5.039544] scsi target2:0:0: asynchronous
[    5.040431] scsi 2:0:1:0: Direct-Access     VBOX     HARDDISK         1.0  PQ: 0 ANSI: 5
[    5.328073] scsi target2:0:1: Beginning Domain Validation
[    5.331209] random: fast init done
[    5.331998] scsi target2:0:1: Domain Validation skipping write tests
[    5.332842] scsi target2:0:1: Ending Domain Validation
[    5.333591] scsi target2:0:1: asynchronous
[    5.337696] random: systemd-udevd: uninitialized urandom read (16 bytes read)
[    5.338882] random: systemd-udevd: uninitialized urandom read (16 bytes read)
[    5.339829] random: systemd-udevd: uninitialized urandom read (16 bytes read)
[    5.341115] sd 2:0:0:0: [sda] 83886080 512-byte logical blocks: (42.9 GB/40.0 GiB)
[    5.342149] sd 2:0:0:0: [sda] Write Protect is off
[    5.342865] sd 2:0:0:0: Attached scsi generic sg0 type 0
[    5.343575] sd 2:0:0:0: [sda] Incomplete mode parameter data
[    5.344328] sd 2:0:0:0: [sda] Assuming drive cache: write through
[    5.346002]  sda: sda1
[    5.346829] sd 2:0:1:0: [sdb] 20480 512-byte logical blocks: (10.5 MB/10.0 MiB)
[    5.347861] sd 2:0:1:0: [sdb] Write Protect is off
[    5.348697] sd 2:0:1:0: [sdb] Incomplete mode parameter data
[    5.348830] sd 2:0:1:0: Attached scsi generic sg1 type 0
[    5.349449] sd 2:0:1:0: [sdb] Assuming drive cache: write through
[    5.351342] sd 2:0:0:0: [sda] Attached SCSI disk
[    5.353207] sd 2:0:1:0: [sdb] Attached SCSI disk
[    5.366587] e1000 0000:00:08.0 eth1: (PCI:33MHz:32-bit) 08:00:27:29:9c:cd
[    5.367497] e1000 0000:00:08.0 eth1: Intel(R) PRO/1000 Network Connection
[    5.369337] e1000 0000:00:08.0 enp0s8: renamed from eth1
[    5.380548] e1000 0000:00:03.0 enp0s3: renamed from eth0
Begin: Loading essential drivers ... [    6.748034] raid6: sse2x1   gen() 13929 MB/s
[    6.796075] raid6: sse2x1   xor()  7921 MB/s
[    6.844052] raid6: sse2x2   gen() 16376 MB/s
[    6.892057] raid6: sse2x2   xor() 10746 MB/s
[    6.940025] raid6: sse2x4   gen() 17497 MB/s
[    6.988038] raid6: sse2x4   xor() 10717 MB/s
[    7.036150] raid6: avx2x1   gen() 27316 MB/s
[    7.084036] raid6: avx2x1   xor() 16005 MB/s
[    7.132064] raid6: avx2x2   gen() 28197 MB/s
[    7.180027] raid6: avx2x2   xor() 22125 MB/s
[    7.228040] raid6: avx2x4   gen() 35167 MB/s
[    7.276151] raid6: avx2x4   xor() 22002 MB/s
[    7.277021] raid6: using algorithm avx2x4 gen() 35167 MB/s
[    7.278043] raid6: .... xor() 22002 MB/s, rmw enabled
[    7.278693] raid6: using avx2x2 recovery algorithm
[    7.280259] xor: automatically using best checksumming function   avx       
[    7.281905] async_tx: api initialized (async)
done.
Begin: Running /scripts/init-premount ... done.
Begin: Mounting root file system ... Begin: Running /scripts/local-top ... done.
Begin: Running /scripts/local-premount ... [    7.314445] Btrfs loaded, crc32c=crc32c-intel
Scanning for Btrfs filesystems
done.
Warning: fsck not present, so skipping root file system
[    7.334330] EXT4-fs (sda1): mounted filesystem with ordered data mode. Opts: (null)
done.
Begin: Running /scripts/local-bottom ... done.
Begin: Running /scripts/init-bottom ... done.
[    7.447306] ip_tables: (C) 2000-2006 Netfilter Core Team
[    7.452696] systemd[1]: systemd 237 running in system mode. (+PAM +AUDIT +SELINUX +IMA +APPARMOR +SMACK +SYSVINIT +UTMP +LIBCRYPTSETUP +GCRYPT +GNUTLS +ACL +XZ +LZ4 +SECCOMP +BLKID +ELFUTILS +KMOD -IDN2 +IDN -PCRE2 default-hierarchy=hybrid)
[    7.455306] systemd[1]: Detected virtualization oracle.
[    7.456005] systemd[1]: Detected architecture x86-64.

Welcome to [1mUbuntu 18.04.6 LTS[0m!

[    7.459704] systemd[1]: Set hostname to <ubuntu>.
[    7.461680] systemd[1]: Initializing machine ID from random generator.
[    7.462474] systemd[1]: Installed transient /etc/machine-id file.
[    7.666487] systemd[1]: Set up automount Arbitrary Executable File Formats File System Automount Point.
[[0;32m  OK  [0m] Set up automount Arbitrary Executab…rmats File System Automount Point.
[    7.668429] systemd[1]: Started Forward Password Requests to Wall Directory Watch.
[[0;32m  OK  [0m] Started Forward Password Requests to Wall Directory Watch.
[    7.670046] systemd[1]: Reached target Swap.
[[0;32m  OK  [0m] Reached target Swap.
[    7.670977] systemd[1]: Reached target System Time Synchronized.
[[0;32m  OK  [0m] Reached target System Time Synchronized.
[[0;32m  OK  [0m] Created slice User and Session Slice.
[[0;32m  OK  [0m] Created slice System Slice.
[[0;32m  OK  [0m] Listening on Journal Socket.
         Starting Create list of required st…ce nodes for the current kernel...
[[0;32m  OK  [0m] Listening on Journal Audit Socket.
         Mounting POSIX Message Queue File System...
[[0;32m  OK  [0m] Listening on Device-mapper event daemon FIFOs.
         Mounting Huge Pages File System...
         Starting Set the console keyboard layout...
[[0;32m  OK  [0m] Listening on Journal Socket (/dev/log).
         Starting Uncomplicated firewall...
[[0;32m  OK  [0m] Listening on fsck to fsckd communication Socket.
         Starting File System Check on Root Device...
[[0;32m  OK  [0m] Listening on LVM2 metadata daemon socket.
[[0;32m  OK  [0m] Created slice system-serial\x2dgetty.slice.
         Starting Monitoring of LVM2 mirrors…ng dmeventd or progress polling...
         Mounting Kernel Debug File System...
[[0;32m  OK  [0m] Listening on Network Service Netlink Socket.
[[0;32m  OK  [0m] Listening on Syslog Socket.
         Starting Journal Service...
[[0;32m  OK  [0m] Listening on /dev/initctl Compatibility Named Pipe.
[[0;32m  OK  [0m] Listening on udev Kernel Socket.
[[0;32m  OK  [0m] Reached target User and Group Name Lookups.
[[0;32m  OK  [0m] Listening on LVM2 poll daemon socket.
         Starting Load Kernel Modules...
[[0;32m  OK  [0m] Reached target Slices.
[[0;32m  OK  [0m] Listening on udev Control Socket.
         Starting udev Coldplug all Devices...
[[0;32m  OK  [0m] Started Create list of required sta…vice nodes for the current kernel.
[[0;32m  OK  [0m] Mounted POSIX Message Queue File System.
[[0;32m  OK  [0m] Mounted Huge Pages File System.
[[0;32m  OK  [0m] Started Uncomplicated firewall.
[[0;32m  OK  [0m] Mounted Kernel Debug File System.
[[0;32m  OK  [0m] Started File System Check Daemon to report status.
         Starting Create Static Device Nodes in /dev...
[[0;32m  OK  [0m] Started LVM2 metadata daemon.
[[0;32m  OK  [0m] Started File System Check on Root Device.
         Starting Remount Root and Kernel File Systems...
[    7.842698] Loading iSCSI transport class v2.0-870.
[    7.847251] iscsi: registered transport (tcp)
[[0;32m  OK  [0m] Started udev Coldplug all Devices.
[[0;32m  OK  [0m] Started Create Static Device Nodes in /dev.
[[0;32m  OK  [0m] Started Journal Service.
[    7.973079] iscsi: registered transport (iser)
[[0;32m  OK  [0m] Started Load Kernel Modules.
         Mounting Kernel Configuration File System...
         Starting Apply Kernel Variables...
[    7.996180] EXT4-fs (sda1): re-mounted. Opts: (null)
         Mounting FUSE Control File System...
[[0;32m  OK  [0m] Started Remount Root and Kernel File Systems.
[[0;32m  OK  [0m] Mounted Kernel Configuration File System.
[[0;32m  OK  [0m] Mounted FUSE Control File System.
         Starting Flush Journal to Persistent Storage...
         Starting Load/Save Random Seed...
         Starting udev Kernel Device Manager...
[[0;32m  OK  [0m] Started Set the console keyboard layout.
[[0;32m  OK  [0m] Started Monitoring of LVM2 mirrors,…sing dmeventd or progress polling.
[[0;32m  OK  [0m] Started Apply Kernel Variables.
[[0;32m  OK  [0m] Reached target Local File Systems (Pre).
[[0;32m  OK  [0m] Reached target Local File Systems.
         Starting AppArmor initialization...
         Starting Tell Plymouth To Write Out Runtime Data...
         Starting Commit a transient machine-id on disk...
         Starting ebtables ruleset management...
         Starting Set console font and keymap...
[[0;32m  OK  [0m] Started Load/Save Random Seed.
[[0;32m  OK  [0m] Started udev Kernel Device Manager.
[[0;32m  OK  [0m] Started Dispatch Password Requests to Console Directory Watch.
[[0;32m  OK  [0m] Reached target Local Encrypted Volumes.
[[0;32m  OK  [0m] Started Tell Plymouth To Write Out Runtime Data.
[[0;32m  OK  [0m] Started Set console font and keymap.
[[0;32m  OK  [0m] Started Flush Journal to Persistent Storage.
         Starting Create Volatile Files and Directories...
[[0;32m  OK  [0m] Started Commit a transient machine-id on disk.
[[0;32m  OK  [0m] Started Create Volatile Files and Directories.
[[0;32m  OK  [0m] Started ebtables ruleset management.
         Starting Update UTMP about System Boot/Shutdown...
[[0;32m  OK  [0m] Started Update UTMP about System Boot/Shutdown.
[[0;32m  OK  [0m] Found device /dev/ttyS0.
[[0;32m  OK  [0m] Listening on Load/Save RF Kill Switch Status /dev/rfkill Watch.
[[0;32m  OK  [0m] Started AppArmor initialization.
         Starting Initial cloud-init job (pre-networking)...
         Starting Load AppArmor profiles managed internally by snapd...
[[0;32m  OK  [0m] Started Load AppArmor profiles managed internally by snapd.
[   10.667864] cloud-init[563]: Cloud-init v. 21.2-3-g899bfaa9-0ubuntu2~18.04.1 running 'init-local' at Wed, 06 Oct 2021 17:29:33 +0000. Up 10.23 seconds.
[[0;32m  OK  [0m] Started Initial cloud-init job (pre-networking).
[[0;32m  OK  [0m] Reached target Network (Pre).
         Starting Network Service...
[[0;32m  OK  [0m] Started Network Service.
         Starting Wait for Network to be Configured...
         Starting Network Name Resolution...
[[0;32m  OK  [0m] Started Network Name Resolution.
[[0;32m  OK  [0m] Reached target Host and Network Name Lookups.
[[0;32m  OK  [0m] Reached target Network.
[[0;32m  OK  [0m] Started Wait for Network to be Configured.
         Starting Initial cloud-init job (metadata service crawler)...
[   12.776631] cloud-init[678]: Cloud-init v. 21.2-3-g899bfaa9-0ubuntu2~18.04.1 running 'init' at Wed, 06 Oct 2021 17:29:35 +0000. Up 12.68 seconds.
[   12.777632] cloud-init[678]: ci-info: ++++++++++++++++++++++++++++++++++++++Net device info++++++++++++++++++++++++++++++++++++++
[   12.778821] cloud-init[678]: ci-info: +--------+-------+---------------------------+---------------+--------+-------------------+
[   12.779743] cloud-init[678]: ci-info: | Device |   Up  |          Address          |      Mask     | Scope  |     Hw-Address    |
[   12.780548] cloud-init[678]: ci-info: +--------+-------+---------------------------+---------------+--------+-------------------+
[   12.781652] cloud-init[678]: ci-info: | enp0s3 |  True |         10.0.2.15         | 255.255.255.0 | global | 02:2f:77:f1:0c:e0 |
[   12.782660] cloud-init[678]: ci-info: | enp0s3 |  True | fe80::2f:77ff:fef1:ce0/64 |       .       |  link  | 02:2f:77:f1:0c:e0 |
[   12.783584] cloud-init[678]: ci-info: | enp0s8 | False |             .             |       .       |   .    | 08:00:27:29:9c:cd |
[   12.784615] cloud-init[678]: ci-info: |   lo   |  True |         127.0.0.1         |   255.0.0.0   |  host  |         .         |
[   12.785624] cloud-init[678]: ci-info: |   lo   |  True |          ::1/128          |       .       |  host  |         .         |
[   12.786656] cloud-init[678]: ci-info: +--------+-------+---------------------------+---------------+--------+-------------------+
[   12.787772] cloud-init[678]: ci-info: ++++++++++++++++++++++++++++Route IPv4 info+++++++++++++++++++++++++++++
[   12.788639] cloud-init[678]: ci-info: +-------+-------------+----------+-----------------+-----------+-------+
[   12.789493] cloud-init[678]: ci-info: | Route | Destination | Gateway  |     Genmask     | Interface | Flags |
[   12.790405] cloud-init[678]: ci-info: +-------+-------------+----------+-----------------+-----------+-------+
[   12.791327] cloud-init[678]: ci-info: |   0   |   0.0.0.0   | 10.0.2.2 |     0.0.0.0     |   enp0s3  |   UG  |
[   12.792240] cloud-init[678]: ci-info: |   1   |   10.0.2.0  | 0.0.0.0  |  255.255.255.0  |   enp0s3  |   U   |
[   12.793040] cloud-init[678]: ci-info: |   2   |   10.0.2.2  | 0.0.0.0  | 255.255.255.255 |   enp0s3  |   UH  |
[   12.808194] cloud-init[678]: ci-info: +-------+-------------+----------+-----------------+-----------+-------+
[   12.809027] cloud-init[678]: ci-info: +++++++++++++++++++Route IPv6 info+++++++++++++++++++
[   12.809784] cloud-init[678]: ci-info: +-------+-------------+---------+-----------+-------+
[   12.810509] cloud-init[678]: ci-info: | Route | Destination | Gateway | Interface | Flags |
[   12.820272] cloud-init[678]: ci-info: +-------+-------------+---------+-----------+-------+
[   12.821631] cloud-init[678]: ci-info: |   1   |  fe80::/64  |    ::   |   enp0s3  |   U   |
[   12.822457] cloud-init[678]: ci-info: |   3   |    local    |    ::   |   enp0s3  |   U   |
[   12.823310] cloud-init[678]: ci-info: |   4   |   ff00::/8  |    ::   |   enp0s3  |   U   |
[   12.824442] cloud-init[678]: ci-info: +-------+-------------+---------+-----------+-------+
[   13.535477] cloud-init[678]: Generating public/private rsa key pair.
[   13.544452] cloud-init[678]: Your identification has been saved in /etc/ssh/ssh_host_rsa_key.
[   13.545186] cloud-init[678]: Your public key has been saved in /etc/ssh/ssh_host_rsa_key.pub.
[   13.556234] cloud-init[678]: The key fingerprint is:
[   13.568275] cloud-init[678]: SHA256:CznNOh9lCIkxN6IV9Vcp8OVsywfSLcPxX0FgDpUvTKY root@ubuntu-bionic
[[0;32m  OK  [0m] Started Initial cloud-init job (metadata service crawler).
[   13.584941] cloud-init[678]: The key's randomart image is:
[   13.612801] [[0;32m  OK  [0m] Reached target Network is Online.
cloud-init[678]: +---[RSA 2048]----+
[   13.613704] cloud-init[678]: |    *o+ .. .==+o |
         Starting Availability of block devices...
[[0;32m  OK  [0m] Reached target Remote File Systems (Pre).
[[0;32m  OK  [0m] Reached target Remote File Systems.
[   13.625878] cloud-init[678]: |   o * + ..B=B  .|
[[0;32m  OK  [0m] Reached target System Initialization.
[   13.639097] cloud-init[678]: |  . . o . +.#.+ .|
[[0;32m  OK  [0m] Started Ubuntu Advantage update messaging.
[   13.640067] cloud-init[678]: |       = o E B o.|
[   13.640611] cloud-init[678]: |      + S o o o .|
         Starting LXD - unix socket.
[[0;32m  OK  [0m] Listening on ACPID Listen Socket.
[[0;32m  OK  [0m] Started Daily apt download activities.
[[0;32m  OK  [0m] Started Message of the Day.
[   13.643592] cloud-init[678]: |       + +   .   |
[[0;32m  OK  [0m] Started Discard unused blocks once a week.
[   13.653662] [[0;32m  OK  [0m] Listening on D-Bus System Message Bus Socket.
[[0;32m  OK  [0m] Listening on Open-iSCSI iscsid Socket.
[[0;32m  OK  [0m] Listening on UUID daemon activation socket.
cloud-init[678]: |      o o        |
[[0;32m  OK  [0m] Started ACPI Events Check.
[   13.655594] [cloud-init[0;32m  OK  [0m[678]: ] |       o .       |Reached target Paths.

[[0;32m  OK  [0m] Started Daily apt upgrade and clean activities.
[   13.656764] [cloud-init[0;32m  OK  [0m[678]: ] |        .        |Started Daily Cleanup of Temporary Directories.

[[0;32m  OK  [0m] Reached target Timers.
[   13.657958] cloud-init[678]: +----[SHA256]-----+
         Starting Socket activation for snappy daemon.
[   13.668540] [[0;32m  OK  [0m] Reached target Cloud-config availability.
[[0;32m  OK  [0m] Started Availability of block devices.
[[0;32m  OK  [0m] Listening on LXD - unix socket.
[[0;32m  OK  [0m] Listening on Socket activation for snappy daemon.
[[0;32m  OK  [0m] Reached target Sockets.
[[0;32m  OK  [0m] Reached target Basic System.
cloud-init[678]: Generating public/private dsa key pair.
         Starting Dispatcher daemon for systemd-networkd...
[   13.672360] cloud-init[678]: Your identification has been saved in /etc/ssh/ssh_host_dsa_key.         Starting Virtualbox guest utils...
         Starting System Logging Service...

         Starting Pollinate to seed the pseudo random number generator...
[[0;32m  OK  [0m] Started FUSE filesystem for LXC.
[   13.676355]          Starting Permit User Sessions...
cloud-init[678]: Your public key has been saved in /etc/ssh/ssh_host_dsa_key.pub.
         Starting Snap Daemon...
[   13.679051] cloud-init[678]: The key fingerprint is:         Starting LSB: Record successful boot for GRUB...
         Starting Login Service...

[   13.688273] cloud-init[678]: SHA256:3c1qpRigNk3JkMhY7qaTt/J1dlMr+tsRqy4x5bDTSYw root@ubuntu-bionic
[   13.690904] cloud-init[678]: The key's randomart image is:
[   13.693083] cloud-init[678]: +---[DSA 1024]----+
[   13.694004] cloud-init[678]: |   +....         |
[   13.704152] cloud-init[678]: |  ..o .o .       |
[   13.716378] cloud-init[678]: |    .   =o       |
[   13.717099] cloud-init[678]: |   .   +Eo+. o   |
[   13.717805] cloud-init[678]: |    o + SBo.+ +  |
[   13.718389] cloud-init[678]: |   + . .= ++ B   |
[   13.718968] cloud-init[678]: |  + . . o+= B    |
[   13.719530] cloud-init[678]: |  .o o o.o * .   |
[   13.720136] cloud-init[678]: |   oo   .+=..    |
[   13.720709] cloud-init[678]: +----[SHA256]-----+
[   13.721520] cloud-init[678]: Generating public/private ecdsa key pair.
[   13.722677] cloud-init[678]: Your identification has been saved in /etc/ssh/ssh_host_ecdsa_key.
[   13.724252] cloud-init[678]: Your public key has been saved in /etc/ssh/ssh_host_ecdsa_key.pub.
[   13.725451] cloud-init[678]: The key fingerprint is:
[   13.726345] cloud-init[678]: SHA256:7Un0VtG6nY+yERM8F43S/2lmzW8QFgB8S2to/WhmUBI root@ubuntu-bionic
[   13.729312] cloud-init[678]: The key's randomart image is:
[   13.730565] cloud-init[678]: +---[ECDSA 256]---+
         Starting LSB: automatic crash report generation...
[[0;32m  OK  [0m] Started D-Bus System Message Bus.
[   13.734081] cloud-init[678]: |         .Eo.oo+ |
[   13.744982] cloud-init[678]: |          o.= +oo|
[   13.745783] cloud-init[678]: |          .B++o+ |
[   13.746547] cloud-init[678]: |         o+.==+ .|
[   13.747423] cloud-init[678]: |        S.oo=+ ==|
[   13.748333] cloud-init[678]: |         o o=o+*=|
[   13.760141] cloud-init[678]: |          o+. +oo|
[   13.760685] cloud-init[678]: |            ... +|
[   13.761241] cloud-init[678]: |            .o . |
[   13.761828] cloud-init[678]: +----[SHA256]-----+
[   13.762385] cloud-init[678]: Generating public/private ed25519 key pair.
[   13.763094] cloud-init[678]: Your identification has been saved in /etc/ssh/ssh_host_ed25519_key.
[   13.765425] cloud-init[678]: Your public key has been saved in /etc/ssh/ssh_host_ed25519_key.pub.
[   13.766260] cloud-init[678]: The key fingerprint is:
[   13.767002] cloud-init[678]: SHA256:sAJaiau67U1SUfba5SFxxb7ydyFu45G8R5UE9dP2mpY root@ubuntu-bionic
[   13.767926] cloud-init[678]: The key's randomart image is:
[   13.771048] cloud-init[678]: +--[ED25519 256]--+
[   13.771710] cloud-init[678]: |      o . .o..o. |
[   13.784338] cloud-init[678]: | . . o . o  .  .o|
[   13.796112] cloud-init[678]: |. + . . o o.  ..=|
[   13.808496] cloud-init[678]: | + . . = + ..  o+|
[   13.809186] cloud-init[678]: |o   o o S .  .  o|
[   13.810204] cloud-init[678]: |.  . .    . o..* |
[   13.811101] cloud-init[678]: |. . .      o.+E .|
[   13.811900] cloud-init[678]: |.. +        .=+..|
[   13.813070] cloud-init[678]: |ooo .       o+o. |
[   13.813673] cloud-init[678]: +----[SHA256]-----+
         Starting Accounts Service...
[[0;32m  OK  [0m] Started irqbalance daemon.
[[0;32m  OK  [0m] Started Regular background program processing daemon.
[[0;32m  OK  [0m] Started Deferred execution scheduler.
         Starting LXD - container startup/shutdown...
[[0;32m  OK  [0m] Started System Logging Service.
[[0;32m  OK  [0m] Started Permit User Sessions.
[[0;32m  OK  [0m] Started Login Service.
[[0;32m  OK  [0m] Started Unattended Upgrades Shutdown.
         Starting Terminate Plymouth Boot Screen...
         Starting Hold until boot process finishes up...
[[0;32m  OK  [0m] Started Hold until boot process finishes up.
[[0;32m  OK  [0m] Started Terminate Plymouth Boot Screen.
         Starting Set console scheme...
[[0;32m  OK  [0m] Started Serial Getty on ttyS0.
[[0;32m  OK  [0m] Started Dispatcher daemon for systemd-networkd.
[[0;32m  OK  [0m] Started Set console scheme.
[[0;32m  OK  [0m] Created slice system-getty.slice.
[[0;32m  OK  [0m] Started Getty on tty1.
[[0;32m  OK  [0m] Reached target Login Prompts.
         Starting Authorization Manager...
[[0;32m  OK  [0m] Started LSB: automatic crash report generation.
[[0;32m  OK  [0m] Started Authorization Manager.
[[0;32m  OK  [0m] Started Accounts Service.
[[0;32m  OK  [0m] Started Virtualbox guest utils.
[[0;32m  OK  [0m] Started LSB: Record successful boot for GRUB.
[[0;32m  OK  [0m] Started LXD - container startup/shutdown.
[[0;32m  OK  [0m] Started Snap Daemon.
         Starting Wait until snapd is fully seeded...
[[0;32m  OK  [0m] Started Pollinate to seed the pseudo random number generator.
         Starting OpenBSD Secure Shell server...
[[0;32m  OK  [0m] Started OpenBSD Secure Shell server.
[[0;32m  OK  [0m] Created slice User Slice of vagrant.
         Starting User Manager for UID 1000...
[[0;32m  OK  [0m] Started Session 1 of user vagrant.
[[0;32m  OK  [0m] Started User Manager for UID 1000.

Ubuntu 18.04.6 LTS ubuntu-bionic ttyS0

ubuntu-bionic login: [   40.231283] cloud-init[2127]: Cloud-init v. 21.2-3-g899bfaa9-0ubuntu2~18.04.1 running 'modules:config' at Wed, 06 Oct 2021 17:30:02 +0000. Up 39.88 seconds.
ci-info: no authorized SSH keys fingerprints found for user ubuntu.
<14>Oct  6 17:30:03 cloud-init: #############################################################
<14>Oct  6 17:30:03 cloud-init: -----BEGIN SSH HOST KEY FINGERPRINTS-----
<14>Oct  6 17:30:03 cloud-init: 1024 SHA256:3c1qpRigNk3JkMhY7qaTt/J1dlMr+tsRqy4x5bDTSYw root@ubuntu-bionic (DSA)
<14>Oct  6 17:30:03 cloud-init: 256 SHA256:7Un0VtG6nY+yERM8F43S/2lmzW8QFgB8S2to/WhmUBI root@ubuntu-bionic (ECDSA)
<14>Oct  6 17:30:03 cloud-init: 256 SHA256:sAJaiau67U1SUfba5SFxxb7ydyFu45G8R5UE9dP2mpY root@ubuntu-bionic (ED25519)
<14>Oct  6 17:30:03 cloud-init: 2048 SHA256:CznNOh9lCIkxN6IV9Vcp8OVsywfSLcPxX0FgDpUvTKY root@ubuntu-bionic (RSA)
<14>Oct  6 17:30:03 cloud-init: -----END SSH HOST KEY FINGERPRINTS-----
<14>Oct  6 17:30:03 cloud-init: #############################################################
-----BEGIN SSH HOST KEY KEYS-----
ecdsa-sha2-nistp256 AAAAE2VjZHNhLXNoYTItbmlzdHAyNTYAAAAIbmlzdHAyNTYAAABBBA/SaPAI6G6kt44Cu8ojYh2fif0x3fPmalEqsyn3oncekLFnSzmjxNBpsRSvz+12GMdMdHWEjL2jyUex78W/kvQ= root@ubuntu-bionic
ssh-ed25519 AAAAC3NzaC1lZDI1NTE5AAAAIOy7yVNiqS4/cOBmd/JoqQKN1zZlBr+wAZuYMyVRS0qj root@ubuntu-bionic
ssh-rsa AAAAB3NzaC1yc2EAAAADAQABAAABAQC21RpZELXB8169msCJIZjHsEesrpu2//Yo2/Po5U9K8hO4foMBv+xHiIJVzh13BcBim8LdD4K9yec8hABFtrT5KADkmV5GA4j5x/Dwp+jjtmvRnyWik3XGCV9d0u7PRWJ7Ya0y71m2+4sdhOsja4rypR7MsIp4HUCkfg+nyvrxY6rE4KxhmY26KKr244IFygf7LjuWgJqhHbAHN5JHOMq6lvjDKO+rmXACSgZ+/R88JHHExSxiLSDOCyXToa2V5ZhpcbN172U1lnPuTlTLhzWqjq13FqcXo+ft8NKRRHjM+aotsqmSGTr8hjoPSYTvHZctzvBi4BRDzYTeKcUErikT root@ubuntu-bionic
-----END SSH HOST KEY KEYS-----
[   40.686568] cloud-init[2179]: Cloud-init v. 21.2-3-g899bfaa9-0ubuntu2~18.04.1 running 'modules:final' at Wed, 06 Oct 2021 17:30:03 +0000. Up 40.55 seconds.
[   40.687905] cloud-init[2179]: ci-info: no authorized SSH keys fingerprints found for user ubuntu.
[   40.689065] cloud-init[2179]: Cloud-init v. 21.2-3-g899bfaa9-0ubuntu2~18.04.1 finished at Wed, 06 Oct 2021 17:30:03 +0000. Datasource DataSourceNoCloud [seed=/dev/sdb][dsmode=net].  Up 40.67 seconds
